<?xml version="1.0" encoding="UTF-8"?>
<!-- Generated by org.testng.reporters.JUnitReportReporter -->
<testsuite skipped="0" hostname="NURU-PC" name="Slider" tests="1" failures="0" timestamp="04 Dec 2017 23:50:10 GMT" time="14.580" errors="0">
  <testcase name="mainTest" time="14.580" classname="Slider"/>
</testsuite> <!-- Slider -->
