<?xml version="1.0" encoding="UTF-8"?>
<!-- Generated by org.testng.reporters.JUnitReportReporter -->
<testsuite skipped="0" hostname="NURU-PC" name="KeyBoardInteaction" tests="1" failures="0" timestamp="07 Dec 2017 11:51:06 GMT" time="33.877" errors="0">
  <testcase name="mainTest" time="33.877" classname="KeyBoardInteaction"/>
</testsuite> <!-- KeyBoardInteaction -->
