<?xml version="1.0" encoding="UTF-8"?>
<!-- Generated by org.testng.reporters.JUnitReportReporter -->
<testsuite skipped="0" hostname="NURU-PC" name="WebPrectice" tests="1" failures="0" timestamp="04 Dec 2017 19:31:50 GMT" time="22.934" errors="0">
  <testcase name="test" time="22.934" classname="WebPrectice"/>
</testsuite> <!-- WebPrectice -->
