<?xml version="1.0" encoding="UTF-8"?>
<!-- Generated by org.testng.reporters.JUnitReportReporter -->
<testsuite skipped="0" hostname="NURU-PC" name="Tooltip" tests="1" failures="0" timestamp="01 Dec 2017 18:59:23 GMT" time="8.120" errors="0">
  <testcase name="mainTest" time="8.120" classname="Tooltip"/>
</testsuite> <!-- Tooltip -->
