<?xml version="1.0" encoding="UTF-8"?>
<!-- Generated by org.testng.reporters.JUnitReportReporter -->
<testsuite skipped="0" hostname="NURU-PC" name="WebTable" tests="1" failures="0" timestamp="03 Dec 2017 23:29:20 GMT" time="12.794" errors="0">
  <testcase name="mainTest" time="12.794" classname="WebTable"/>
</testsuite> <!-- WebTable -->
